[debug] [2026-05-21T17:58:38.320Z] ----------------------------------------------------------------------
[debug] [2026-05-21T17:58:38.321Z] Command:       /usr/local/bin/node /Users/williamcolbert/Documents/GitHub/treetopnest/node_modules/.bin/firebase deploy --only hosting
[debug] [2026-05-21T17:58:38.321Z] CLI Version:   15.18.0
[debug] [2026-05-21T17:58:38.321Z] Platform:      darwin
[debug] [2026-05-21T17:58:38.321Z] Node Version:  v24.14.1
[debug] [2026-05-21T17:58:38.321Z] Time:          Thu May 21 2026 12:58:38 GMT-0500 (Central Daylight Time)
[debug] [2026-05-21T17:58:38.321Z] ----------------------------------------------------------------------
[debug] 
[debug] [2026-05-21T17:58:39.023Z] > command requires scopes: ["email","openid","https://www.googleapis.com/auth/cloudplatformprojects.readonly","https://www.googleapis.com/auth/firebase","https://www.googleapis.com/auth/cloud-platform"]
[debug] [2026-05-21T17:58:39.023Z] > authorizing via signed-in user (william.colbert@treetopgrowthstrategy.com)
[debug] [2026-05-21T17:58:39.023Z] [iam] checking project treetopgrowthstrategy for permissions ["firebase.projects.get","firebasehosting.sites.update"]
[debug] [2026-05-21T17:58:39.024Z] Checked if tokens are valid: true, expires at: 1779389916936
[debug] [2026-05-21T17:58:39.024Z] Checked if tokens are valid: true, expires at: 1779389916936
[debug] [2026-05-21T17:58:39.024Z] >>> [apiv2][query] POST https://cloudresourcemanager.googleapis.com/v1/projects/treetopgrowthstrategy:testIamPermissions [none]
[debug] [2026-05-21T17:58:39.024Z] >>> [apiv2][(partial)header] POST https://cloudresourcemanager.googleapis.com/v1/projects/treetopgrowthstrategy:testIamPermissions  x-goog-user-project=treetopgrowthstrategy
[debug] [2026-05-21T17:58:39.024Z] >>> [apiv2][body] POST https://cloudresourcemanager.googleapis.com/v1/projects/treetopgrowthstrategy:testIamPermissions {"permissions":["firebase.projects.get","firebasehosting.sites.update"]}
[debug] [2026-05-21T17:58:39.259Z] <<< [apiv2][status] POST https://cloudresourcemanager.googleapis.com/v1/projects/treetopgrowthstrategy:testIamPermissions 200
[debug] [2026-05-21T17:58:39.260Z] <<< [apiv2][body] POST https://cloudresourcemanager.googleapis.com/v1/projects/treetopgrowthstrategy:testIamPermissions {"permissions":["firebase.projects.get","firebasehosting.sites.update"]}
[debug] [2026-05-21T17:58:39.261Z] Checked if tokens are valid: true, expires at: 1779389916936
[debug] [2026-05-21T17:58:39.261Z] Checked if tokens are valid: true, expires at: 1779389916936
[debug] [2026-05-21T17:58:39.261Z] >>> [apiv2][query] GET https://firebase.googleapis.com/v1beta1/projects/treetopgrowthstrategy [none]
[debug] [2026-05-21T17:58:39.504Z] <<< [apiv2][status] GET https://firebase.googleapis.com/v1beta1/projects/treetopgrowthstrategy 200
[debug] [2026-05-21T17:58:39.504Z] <<< [apiv2][body] GET https://firebase.googleapis.com/v1beta1/projects/treetopgrowthstrategy {"projectId":"treetopgrowthstrategy","projectNumber":"545276301421","displayName":"treetopgrowthstrategy","name":"projects/treetopgrowthstrategy","resources":{"hostingSite":"treetopgrowthstrategy"},"state":"ACTIVE","etag":"1_2299b59c-8508-4974-a53b-e45a8cc82827"}
[info] 
[info] === Deploying to 'treetopgrowthstrategy'...
[info] 
[info] i  deploying hosting 
[debug] [2026-05-21T17:58:39.508Z] Checked if tokens are valid: true, expires at: 1779389916936
[debug] [2026-05-21T17:58:39.508Z] Checked if tokens are valid: true, expires at: 1779389916936
[debug] [2026-05-21T17:58:39.508Z] >>> [apiv2][query] GET https://firebasehosting.googleapis.com/v1beta1/projects/treetopgrowthstrategy/sites/treetopgrowthstrategy [none]
[debug] [2026-05-21T17:58:40.371Z] <<< [apiv2][status] GET https://firebasehosting.googleapis.com/v1beta1/projects/treetopgrowthstrategy/sites/treetopgrowthstrategy 200
[debug] [2026-05-21T17:58:40.371Z] <<< [apiv2][body] GET https://firebasehosting.googleapis.com/v1beta1/projects/treetopgrowthstrategy/sites/treetopgrowthstrategy {"name":"projects/treetopgrowthstrategy/sites/treetopgrowthstrategy","defaultUrl":"https://treetopgrowthstrategy.web.app","type":"DEFAULT_SITE"}
[debug] [2026-05-21T17:58:40.373Z] Checked if tokens are valid: true, expires at: 1779389916936
[debug] [2026-05-21T17:58:40.373Z] Checked if tokens are valid: true, expires at: 1779389916936
[debug] [2026-05-21T17:58:40.373Z] >>> [apiv2][query] POST https://firebasehosting.googleapis.com/v1beta1/projects/-/sites/treetopgrowthstrategy/versions [none]
[debug] [2026-05-21T17:58:40.373Z] >>> [apiv2][body] POST https://firebasehosting.googleapis.com/v1beta1/projects/-/sites/treetopgrowthstrategy/versions {"status":"CREATED","labels":{"deployment-tool":"cli-firebase"}}
[debug] [2026-05-21T17:58:40.898Z] <<< [apiv2][status] POST https://firebasehosting.googleapis.com/v1beta1/projects/-/sites/treetopgrowthstrategy/versions 200
[debug] [2026-05-21T17:58:40.898Z] <<< [apiv2][body] POST https://firebasehosting.googleapis.com/v1beta1/projects/-/sites/treetopgrowthstrategy/versions {"name":"projects/545276301421/sites/treetopgrowthstrategy/versions/3e94ccf68ae9f937","status":"CREATED","config":{},"labels":{"deployment-tool":"cli-firebase"}}
[info] i  hosting[treetopgrowthstrategy]: beginning deploy... 
[info] i  hosting[treetopgrowthstrategy]: found 3377 files in dist 
[debug] [2026-05-21T17:58:40.999Z] [hosting] uploading with 200 concurrency
[debug] [2026-05-21T18:05:46.656Z] Error: ENOENT: no such file or directory, open '/Users/williamcolbert/Documents/GitHub/treetopnest/dist/results/index 5.html'
[error] 
[error] Error: An unexpected error has occurred.
[debug] [2026-05-21T18:05:46.658Z] Error: ENOENT: no such file or directory, open '/Users/williamcolbert/Documents/GitHub/treetopnest/dist/resources/index 9.html'
[error] 
[error] Error: An unexpected error has occurred.
[debug] [2026-05-21T18:05:46.659Z] Error: ENOENT: no such file or directory, open '/Users/williamcolbert/Documents/GitHub/treetopnest/dist/resources/index 6.html'
[error] 
[error] Error: An unexpected error has occurred.
[debug] [2026-05-21T18:05:46.659Z] Error: ENOENT: no such file or directory, open '/Users/williamcolbert/Documents/GitHub/treetopnest/dist/resources/index 5.html'
[error] 
[error] Error: An unexpected error has occurred.
[debug] [2026-05-21T18:05:46.659Z] Error: ENOENT: no such file or directory, open '/Users/williamcolbert/Documents/GitHub/treetopnest/dist/resources/index 4.html'
[error] 
[error] Error: An unexpected error has occurred.
[debug] [2026-05-21T18:05:46.662Z] Error: ETIMEDOUT: connection timed out, read
[error] 
[error] Error: An unexpected error has occurred.
[debug] [2026-05-21T18:05:46.663Z] Error: ETIMEDOUT: connection timed out, read
[error] 
[error] Error: An unexpected error has occurred.
[debug] [2026-05-21T18:05:46.663Z] Error: ETIMEDOUT: connection timed out, read
[error] 
[error] Error: An unexpected error has occurred.
[debug] [2026-05-21T18:05:46.666Z] Error: ETIMEDOUT: connection timed out, read
[error] 
[error] Error: An unexpected error has occurred.
[debug] [2026-05-21T18:05:46.666Z] Error: ETIMEDOUT: connection timed out, read
[error] 
[error] Error: An unexpected error has occurred.
[debug] [2026-05-21T18:05:46.667Z] Error: ETIMEDOUT: connection timed out, read
[error] 
[error] Error: An unexpected error has occurred.
[debug] Task reports/treetop-growth-strategy-2026-04-06 9.html failed: retries exhausted after 1 attempts, with error: ENOENT: no such file or directory, stat '/Users/williamcolbert/Documents/GitHub/treetopnest/dist/reports/treetop-growth-strategy-2026-04-06 9.html'
[debug] [2026-05-21T18:05:46.670Z] [hosting][upload queue][FINAL] {"max":0,"min":9999999999,"avg":0,"active":0,"complete":0,"success":0,"errored":0,"retried":0,"total":0,"elapsed":1779386746670}
[debug] [2026-05-21T18:05:46.674Z] Error: ENOENT: no such file or directory, stat '/Users/williamcolbert/Documents/GitHub/treetopnest/dist/reports/treetop-growth-strategy-2026-04-06 9.html'
    at Object.statSync (node:fs:1725:25)
    at Uploader.hashHandler (/Users/williamcolbert/Documents/GitHub/treetopnest/node_modules/firebase-tools/lib/deploy/hosting/uploader.js:123:26)
    at Queue.executeTask (/Users/williamcolbert/Documents/GitHub/treetopnest/node_modules/firebase-tools/lib/throttler/throttler.js:181:33)
    at Queue.handle (/Users/williamcolbert/Documents/GitHub/treetopnest/node_modules/firebase-tools/lib/throttler/throttler.js:91:32)
    at Queue.process (/Users/williamcolbert/Documents/GitHub/treetopnest/node_modules/firebase-tools/lib/throttler/throttler.js:84:14)
    at Queue.onTaskFulfilled (/Users/williamcolbert/Documents/GitHub/treetopnest/node_modules/firebase-tools/lib/throttler/throttler.js:211:14)
    at Queue.handle (/Users/williamcolbert/Documents/GitHub/treetopnest/node_modules/firebase-tools/lib/throttler/throttler.js:109:14)
    at process.processTicksAndRejections (node:internal/process/task_queues:104:5)
[error] 
[error] Error: Task reports/treetop-growth-strategy-2026-04-06 9.html failed: retries exhausted after 1 attempts, with error: ENOENT: no such file or directory, stat '/Users/williamcolbert/Documents/GitHub/treetopnest/dist/reports/treetop-growth-strategy-2026-04-06 9.html'
[debug] [2026-05-21T18:05:46.675Z] Error: ENOENT: no such file or directory, stat '/Users/williamcolbert/Documents/GitHub/treetopnest/dist/reports/treetop-growth-strategy-2026-04-06 9.html'
    at Object.statSync (node:fs:1725:25)
    at Uploader.hashHandler (/Users/williamcolbert/Documents/GitHub/treetopnest/node_modules/firebase-tools/lib/deploy/hosting/uploader.js:123:26)
    at Queue.executeTask (/Users/williamcolbert/Documents/GitHub/treetopnest/node_modules/firebase-tools/lib/throttler/throttler.js:181:33)
    at Queue.handle (/Users/williamcolbert/Documents/GitHub/treetopnest/node_modules/firebase-tools/lib/throttler/throttler.js:91:32)
    at Queue.process (/Users/williamcolbert/Documents/GitHub/treetopnest/node_modules/firebase-tools/lib/throttler/throttler.js:84:14)
    at Queue.onTaskFulfilled (/Users/williamcolbert/Documents/GitHub/treetopnest/node_modules/firebase-tools/lib/throttler/throttler.js:211:14)
    at Queue.handle (/Users/williamcolbert/Documents/GitHub/treetopnest/node_modules/firebase-tools/lib/throttler/throttler.js:109:14)
    at process.processTicksAndRejections (node:internal/process/task_queues:104:5)
[error] 
[error] Error: Task reports/treetop-growth-strategy-2026-04-06 9.html failed: retries exhausted after 1 attempts, with error: ENOENT: no such file or directory, stat '/Users/williamcolbert/Documents/GitHub/treetopnest/dist/reports/treetop-growth-strategy-2026-04-06 9.html'
[debug] [2026-05-21T18:05:46.675Z] Error: ETIMEDOUT: connection timed out, read
[error] 
[error] Error: An unexpected error has occurred.
[debug] Task reports/treetop-growth-strategy-2026-04-06 8.html failed: retries exhausted after 1 attempts, with error: ENOENT: no such file or directory, stat '/Users/williamcolbert/Documents/GitHub/treetopnest/dist/reports/treetop-growth-strategy-2026-04-06 8.html'
[debug] Task reports/treetop-growth-strategy-2026-04-06 7.html failed: retries exhausted after 1 attempts, with error: ENOENT: no such file or directory, stat '/Users/williamcolbert/Documents/GitHub/treetopnest/dist/reports/treetop-growth-strategy-2026-04-06 7.html'
[debug] Task reports/treetop-growth-strategy-2026-04-06 6.html failed: retries exhausted after 1 attempts, with error: ENOENT: no such file or directory, stat '/Users/williamcolbert/Documents/GitHub/treetopnest/dist/reports/treetop-growth-strategy-2026-04-06 6.html'
[debug] Task reports/treetop-growth-strategy-2026-04-06 4.html failed: retries exhausted after 1 attempts, with error: ENOENT: no such file or directory, stat '/Users/williamcolbert/Documents/GitHub/treetopnest/dist/reports/treetop-growth-strategy-2026-04-06 4.html'
[debug] Task reports/treetop-growth-strategy-2026-04-06 3.html failed: retries exhausted after 1 attempts, with error: ENOENT: no such file or directory, stat '/Users/williamcolbert/Documents/GitHub/treetopnest/dist/reports/treetop-growth-strategy-2026-04-06 3.html'
[debug] Task reports/streaming-media-proposal 9.html failed: retries exhausted after 1 attempts, with error: ENOENT: no such file or directory, stat '/Users/williamcolbert/Documents/GitHub/treetopnest/dist/reports/streaming-media-proposal 9.html'
[debug] Task reports/streaming-media-proposal 8.html failed: retries exhausted after 1 attempts, with error: ENOENT: no such file or directory, stat '/Users/williamcolbert/Documents/GitHub/treetopnest/dist/reports/streaming-media-proposal 8.html'
[debug] Task reports/streaming-media-proposal 7.html failed: retries exhausted after 1 attempts, with error: ENOENT: no such file or directory, stat '/Users/williamcolbert/Documents/GitHub/treetopnest/dist/reports/streaming-media-proposal 7.html'
[debug] Task reports/streaming-media-proposal 6.html failed: retries exhausted after 1 attempts, with error: ENOENT: no such file or directory, stat '/Users/williamcolbert/Documents/GitHub/treetopnest/dist/reports/streaming-media-proposal 6.html'
[debug] Task reports/streaming-media-proposal 4.html failed: retries exhausted after 1 attempts, with error: ENOENT: no such file or directory, stat '/Users/williamcolbert/Documents/GitHub/treetopnest/dist/reports/streaming-media-proposal 4.html'
[debug] Task reports/streaming-media-proposal 3.html failed: retries exhausted after 1 attempts, with error: ENOENT: no such file or directory, stat '/Users/williamcolbert/Documents/GitHub/treetopnest/dist/reports/streaming-media-proposal 3.html'
[debug] Task reports/greenapu-seo-aeo-audit 9.html failed: retries exhausted after 1 attempts, with error: ENOENT: no such file or directory, stat '/Users/williamcolbert/Documents/GitHub/treetopnest/dist/reports/greenapu-seo-aeo-audit 9.html'
[debug] Task reports/greenapu-seo-aeo-audit 8.html failed: retries exhausted after 1 attempts, with error: ENOENT: no such file or directory, stat '/Users/williamcolbert/Documents/GitHub/treetopnest/dist/reports/greenapu-seo-aeo-audit 8.html'
[debug] Task reports/greenapu-seo-aeo-audit 7.html failed: retries exhausted after 1 attempts, with error: ENOENT: no such file or directory, stat '/Users/williamcolbert/Documents/GitHub/treetopnest/dist/reports/greenapu-seo-aeo-audit 7.html'
[debug] Task reports/greenapu-seo-aeo-audit 6.html failed: retries exhausted after 1 attempts, with error: ENOENT: no such file or directory, stat '/Users/williamcolbert/Documents/GitHub/treetopnest/dist/reports/greenapu-seo-aeo-audit 6.html'
[debug] Task reports/greenapu-seo-aeo-audit 4.html failed: retries exhausted after 1 attempts, with error: ENOENT: no such file or directory, stat '/Users/williamcolbert/Documents/GitHub/treetopnest/dist/reports/greenapu-seo-aeo-audit 4.html'
[debug] Task reports/greenapu-seo-aeo-audit 3.html failed: retries exhausted after 1 attempts, with error: ENOENT: no such file or directory, stat '/Users/williamcolbert/Documents/GitHub/treetopnest/dist/reports/greenapu-seo-aeo-audit 3.html'
[debug] Task reports/eqcc-welcome-sequence 9.html failed: retries exhausted after 1 attempts, with error: ENOENT: no such file or directory, stat '/Users/williamcolbert/Documents/GitHub/treetopnest/dist/reports/eqcc-welcome-sequence 9.html'
[debug] Task reports/eqcc-welcome-sequence 8.html failed: retries exhausted after 1 attempts, with error: ENOENT: no such file or directory, stat '/Users/williamcolbert/Documents/GitHub/treetopnest/dist/reports/eqcc-welcome-sequence 8.html'
[debug] Task reports/eqcc-welcome-sequence 7.html failed: retries exhausted after 1 attempts, with error: ENOENT: no such file or directory, stat '/Users/williamcolbert/Documents/GitHub/treetopnest/dist/reports/eqcc-welcome-sequence 7.html'
[debug] Task reports/eqcc-welcome-sequence 6.html failed: retries exhausted after 1 attempts, with error: ENOENT: no such file or directory, stat '/Users/williamcolbert/Documents/GitHub/treetopnest/dist/reports/eqcc-welcome-sequence 6.html'
[debug] Task reports/eqcc-welcome-sequence 4.html failed: retries exhausted after 1 attempts, with error: ENOENT: no such file or directory, stat '/Users/williamcolbert/Documents/GitHub/treetopnest/dist/reports/eqcc-welcome-sequence 4.html'
[debug] Task reports/eqcc-welcome-sequence 3.html failed: retries exhausted after 1 attempts, with error: ENOENT: no such file or directory, stat '/Users/williamcolbert/Documents/GitHub/treetopnest/dist/reports/eqcc-welcome-sequence 3.html'
[debug] Task reports/ecofit-test-flow-verification-2026-05-10 9.html failed: retries exhausted after 1 attempts, with error: ENOENT: no such file or directory, stat '/Users/williamcolbert/Documents/GitHub/treetopnest/dist/reports/ecofit-test-flow-verification-2026-05-10 9.html'
[debug] Task reports/ecofit-test-flow-verification-2026-05-10 8.html failed: retries exhausted after 1 attempts, with error: ENOENT: no such file or directory, stat '/Users/williamcolbert/Documents/GitHub/treetopnest/dist/reports/ecofit-test-flow-verification-2026-05-10 8.html'
[debug] Task reports/ecofit-test-flow-verification-2026-05-10 7.html failed: retries exhausted after 1 attempts, with error: ENOENT: no such file or directory, stat '/Users/williamcolbert/Documents/GitHub/treetopnest/dist/reports/ecofit-test-flow-verification-2026-05-10 7.html'
[debug] Task reports/ecofit-test-flow-verification-2026-05-10 6.html failed: retries exhausted after 1 attempts, with error: ENOENT: no such file or directory, stat '/Users/williamcolbert/Documents/GitHub/treetopnest/dist/reports/ecofit-test-flow-verification-2026-05-10 6.html'
[debug] Task reports/ecofit-test-flow-verification-2026-05-10 4.html failed: retries exhausted after 1 attempts, with error: ENOENT: no such file or directory, stat '/Users/williamcolbert/Documents/GitHub/treetopnest/dist/reports/ecofit-test-flow-verification-2026-05-10 4.html'
[debug] Task reports/ecofit-test-flow-verification-2026-05-10 3.html failed: retries exhausted after 1 attempts, with error: ENOENT: no such file or directory, stat '/Users/williamcolbert/Documents/GitHub/treetopnest/dist/reports/ecofit-test-flow-verification-2026-05-10 3.html'
[debug] Task reports/ecofit-ecofit-2026-05-03 9.html failed: retries exhausted after 1 attempts, with error: ENOENT: no such file or directory, stat '/Users/williamcolbert/Documents/GitHub/treetopnest/dist/reports/ecofit-ecofit-2026-05-03 9.html'
[debug] Task reports/ecofit-ecofit-2026-05-03 8.html failed: retries exhausted after 1 attempts, with error: ENOENT: no such file or directory, stat '/Users/williamcolbert/Documents/GitHub/treetopnest/dist/reports/ecofit-ecofit-2026-05-03 8.html'
[debug] Task reports/ecofit-ecofit-2026-05-03 7.html failed: retries exhausted after 1 attempts, with error: ENOENT: no such file or directory, stat '/Users/williamcolbert/Documents/GitHub/treetopnest/dist/reports/ecofit-ecofit-2026-05-03 7.html'
[debug] Task reports/ecofit-ecofit-2026-05-03 6.html failed: retries exhausted after 1 attempts, with error: ENOENT: no such file or directory, stat '/Users/williamcolbert/Documents/GitHub/treetopnest/dist/reports/ecofit-ecofit-2026-05-03 6.html'
[debug] Task reports/ecofit-ecofit-2026-05-03 4.html failed: retries exhausted after 1 attempts, with error: ENOENT: no such file or directory, stat '/Users/williamcolbert/Documents/GitHub/treetopnest/dist/reports/ecofit-ecofit-2026-05-03 4.html'
[debug] Task reports/ecofit-ecofit-2026-05-03 3.html failed: retries exhausted after 1 attempts, with error: ENOENT: no such file or directory, stat '/Users/williamcolbert/Documents/GitHub/treetopnest/dist/reports/ecofit-ecofit-2026-05-03 3.html'
